<?xml version="1.0" encoding="UTF-8"?>
<!-- Generated by org.testng.reporters.JUnitReportReporter -->
<testsuite hostname="mufti-awl18" failures="0" tests="1" name="ccdl.weightScale.tests.AlloFormTest" time="10.432" errors="0" timestamp="2023-08-02T17:58:19 BDT" skipped="0">
  <testcase classname="ccdl.weightScale.tests.AlloFormTest" name="createAllocationTest" time="10.432"/>
</testsuite> <!-- ccdl.weightScale.tests.AlloFormTest -->
